2022-06-14 06:04:12 [-][-][-][error][yii\console\Exception] yii\console\Exception: Unknown option: --documentroot. Options available: --color, --interactive, --help, --silentExitOnException, --docroot, --router, --port in D:\project\web-topup\backoffice\vendor\yiisoft\yii2\console\Controller.php:173
Stack trace:
#0 D:\project\web-topup\backoffice\vendor\yiisoft\yii2\base\Module.php(552): yii\console\Controller->runAction('', Array)
#1 D:\project\web-topup\backoffice\vendor\yiisoft\yii2\console\Application.php(180): yii\base\Module->runAction('serve', Array)
#2 D:\project\web-topup\backoffice\vendor\yiisoft\yii2\console\Application.php(147): yii\console\Application->runAction('serve', Array)
#3 D:\project\web-topup\backoffice\vendor\yiisoft\yii2\base\Application.php(384): yii\console\Application->handleRequest(Object(yii\console\Request))
#4 D:\project\web-topup\backoffice\yii(23): yii\base\Application->run()
#5 {main}
2022-06-14 06:04:12 [-][-][-][info][application] $_GET = []

$_POST = []

$_FILES = []

$_COOKIE = []

$_SERVER = [
    'ALLUSERSPROFILE' => 'C:\\ProgramData'
    'APPDATA' => 'C:\\Users\\Nur Aziz\\AppData\\Roaming'
    'CHROME_CRASHPAD_PIPE_NAME' => '\\\\.\\pipe\\crashpad_18068_JXUDTTFFPRQULDCO'
    'CommonProgramFiles' => 'C:\\Program Files\\Common Files'
    'CommonProgramFiles(x86)' => 'C:\\Program Files (x86)\\Common Files'
    'CommonProgramW6432' => 'C:\\Program Files\\Common Files'
    'COMPUTERNAME' => 'AZIZ'
    'ComSpec' => 'C:\\WINDOWS\\system32\\cmd.exe'
    'DriverData' => 'C:\\Windows\\System32\\Drivers\\DriverData'
    'GOPATH' => 'C:\\Users\\Nur Aziz\\go'
    'HOMEDRIVE' => 'C:'
    'HOMEPATH' => '\\Users\\Nur Aziz'
    'LOCALAPPDATA' => 'C:\\Users\\Nur Aziz\\AppData\\Local'
    'LOGONSERVER' => '\\\\AZIZ'
    'NODE_ENV_RESETKEYS' => 'tes'
    'NUMBER_OF_PROCESSORS' => '6'
    'OneDrive' => 'C:\\Users\\Nur Aziz\\OneDrive'
    'ORIGINAL_XDG_CURRENT_DESKTOP' => 'undefined'
    'OS' => 'Windows_NT'
    'Path' => 'C:\\Program Files (x86)\\VMware\\VMware Workstation\\bin\\;C:\\Program Files\\Python39\\Scripts\\;C:\\Program Files\\Python39\\;C:\\WINDOWS\\system32;C:\\WINDOWS;C:\\WINDOWS\\System32\\Wbem;C:\\WINDOWS\\System32\\WindowsPowerShell\\v1.0\\;C:\\WINDOWS\\System32\\OpenSSH\\;C:\\Program Files\\PuTTY\\;C:\\Program Files\\nodejs\\;C:\\Program Files\\Git\\cmd;C:\\Program Files\\Go\\bin;C:\\ffmpeg\\bin;C:\\Program Files\\WireGuard\\;C:\\Program Files (x86)\\WinSCP\\;C:\\jdk-16.0.2\\bin;D:\\software\\XAMPP\\php;C:\\ProgramData\\ComposerSetup\\bin;D:\\bot\\botwa-v6\\node_modules\\.bin\\;C:\\mongosh\\bin;D:\\software\\XAMPP\\mysql\\bin;C:\\Program Files\\WindowsApps\\Microsoft.WindowsTerminal_1.11.3471.0_x64__8wekyb3d8bbwe;C:\\Program Files (x86)\\cloudflared\\.;C:\\Program Files (x86)\\Dev-Cpp\\MinGW64\\bin;C:\\MinGW\\msys\\1.0\\bin;;C:\\Program Files\\Docker\\Docker\\resources\\bin;C:\\ProgramData\\DockerDesktop\\version-bin;C:\\Users\\Nur Aziz\\AppData\\Local\\Microsoft\\WindowsApps;C:\\Program Files\\Microsoft VS Code\\bin;C:\\Users\\Nur Aziz\\AppData\\Roaming\\npm;C:\\Program Files\\heroku\\bin;C:\\Users\\Nur Aziz\\go\\bin;C:\\Users\\Nur Aziz\\AppData\\Roaming\\Composer\\vendor\\bin;C:\\Users\\Nur Aziz\\.deno\\bin'
    'PATHEXT' => '.COM;.EXE;.BAT;.CMD;.VBS;.VBE;.JS;.JSE;.WSF;.WSH;.MSC;.PY;.PYW;.CPL'
    'PHP_COMMAND' => 'php.exe'
    'PROCESSOR_ARCHITECTURE' => 'AMD64'
    'PROCESSOR_IDENTIFIER' => 'AMD64 Family 23 Model 96 Stepping 1, AuthenticAMD'
    'PROCESSOR_LEVEL' => '23'
    'PROCESSOR_REVISION' => '6001'
    'ProgramData' => 'C:\\ProgramData'
    'ProgramFiles' => 'C:\\Program Files'
    'ProgramFiles(x86)' => 'C:\\Program Files (x86)'
    'ProgramW6432' => 'C:\\Program Files'
    'PROMPT' => '$P$G'
    'PSModulePath' => 'C:\\Users\\Nur Aziz\\Documents\\WindowsPowerShell\\Modules;C:\\Program Files\\WindowsPowerShell\\Modules;C:\\WINDOWS\\system32\\WindowsPowerShell\\v1.0\\Modules'
    'PT8HOME' => 'C:\\Program Files\\Cisco Packet Tracer 8.1.1'
    'PUBLIC' => 'C:\\Users\\Public'
    'QT_DEVICE_PIXEL_RATIO' => 'auto'
    'SystemDrive' => 'C:'
    'SystemRoot' => 'C:\\WINDOWS'
    'TEMP' => 'C:\\Users\\NURAZI~1\\AppData\\Local\\Temp'
    'TMP' => 'C:\\Users\\NURAZI~1\\AppData\\Local\\Temp'
    'USERDOMAIN' => 'AZIZ'
    'USERDOMAIN_ROAMINGPROFILE' => 'AZIZ'
    'USERNAME' => 'Nur Aziz'
    'USERPROFILE' => 'C:\\Users\\Nur Aziz'
    'VBOX_MSI_INSTALL_PATH' => 'C:\\Program Files\\Oracle\\VirtualBox\\'
    'windir' => 'C:\\WINDOWS'
    'XAPPDATA' => 'C:\\Users\\Nur Aziz\\AppData\\Roaming'
    'TERM_PROGRAM' => 'vscode'
    'TERM_PROGRAM_VERSION' => '1.68.0'
    'LANG' => 'en_US.UTF-8'
    'COLORTERM' => 'truecolor'
    'VSCODE_GIT_IPC_HANDLE' => '\\\\.\\pipe\\vscode-git-b3c943caf6-sock'
    'VSCODE_GIT_ASKPASS_NODE' => 'C:\\Program Files\\Microsoft VS Code\\Code.exe'
    'VSCODE_GIT_ASKPASS_EXTRA_ARGS' => '--ms-enable-electron-run-as-node'
    'VSCODE_GIT_ASKPASS_MAIN' => 'c:\\Program Files\\Microsoft VS Code\\resources\\app\\extensions\\git\\dist\\askpass-main.js'
    'GIT_ASKPASS' => 'c:\\Program Files\\Microsoft VS Code\\resources\\app\\extensions\\git\\dist\\askpass.sh'
    'YII_PATH' => 'D:\\project\\web-topup\\backoffice\\'
    'PHP_SELF' => 'D:\\project\\web-topup\\backoffice\\yii'
    'SCRIPT_NAME' => 'D:\\project\\web-topup\\backoffice\\yii'
    'SCRIPT_FILENAME' => 'D:\\project\\web-topup\\backoffice\\yii'
    'PATH_TRANSLATED' => 'D:\\project\\web-topup\\backoffice\\yii'
    'DOCUMENT_ROOT' => ''
    'REQUEST_TIME_FLOAT' => 1655179452.8978
    'REQUEST_TIME' => 1655179452
    'argv' => [
        0 => 'D:\\project\\web-topup\\backoffice\\yii'
        1 => 'serve'
        2 => '--documentroot=frontend/web'
    ]
    'argc' => 3
    'DB_HOST' => 'localhost'
    'DB_NAME' => 'webtopup'
    'DB_USER' => 'root'
    'DB_PASS' => ''
]
2022-06-14 06:12:15 [-][-][-][error][yii\base\ErrorException:8] yii\base\ErrorException: fwrite(): Write of 41 bytes failed with errno=22 Invalid argument in D:\project\web-topup\backoffice\vendor\yiisoft\yii2\helpers\BaseConsole.php:792
Stack trace:
#0 [internal function]: yii\base\ErrorHandler->handleError(8, 'fwrite(): Write...', 'D:\\project\\web-...', 792)
#1 D:\project\web-topup\backoffice\vendor\yiisoft\yii2\helpers\BaseConsole.php(792): fwrite(Resource id #2, 'Server started ...')
#2 D:\project\web-topup\backoffice\vendor\yiisoft\yii2\console\Controller.php(306): yii\helpers\BaseConsole::stdout('Server started ...')
#3 D:\project\web-topup\backoffice\vendor\yiisoft\yii2\console\controllers\ServeController.php(76): yii\console\Controller->stdout('Server started ...')
#4 [internal function]: yii\console\controllers\ServeController->actionIndex('localhost:8081')
#5 D:\project\web-topup\backoffice\vendor\yiisoft\yii2\base\InlineAction.php(57): call_user_func_array(Array, Array)
#6 D:\project\web-topup\backoffice\vendor\yiisoft\yii2\base\Controller.php(178): yii\base\InlineAction->runWithParams(Array)
#7 D:\project\web-topup\backoffice\vendor\yiisoft\yii2\console\Controller.php(182): yii\base\Controller->runAction('', Array)
#8 D:\project\web-topup\backoffice\vendor\yiisoft\yii2\base\Module.php(552): yii\console\Controller->runAction('', Array)
#9 D:\project\web-topup\backoffice\vendor\yiisoft\yii2\console\Application.php(180): yii\base\Module->runAction('serve', Array)
#10 D:\project\web-topup\backoffice\vendor\yiisoft\yii2\console\Application.php(147): yii\console\Application->runAction('serve', Array)
#11 D:\project\web-topup\backoffice\vendor\yiisoft\yii2\base\Application.php(384): yii\console\Application->handleRequest(Object(yii\console\Request))
#12 D:\project\web-topup\backoffice\yii(23): yii\base\Application->run()
#13 {main}
2022-06-14 06:12:12 [-][-][-][info][application] $_GET = []

$_POST = []

$_FILES = []

$_COOKIE = []

$_SERVER = [
    'ACLOCAL_PATH' => 'C:\\Program Files\\Git\\mingw64\\share\\aclocal;C:\\Program Files\\Git\\usr\\share\\aclocal'
    'ALLUSERSPROFILE' => 'C:\\ProgramData'
    'APPDATA' => 'C:\\Users\\Nur Aziz\\AppData\\Roaming'
    'CHROME_CRASHPAD_PIPE_NAME' => '\\\\.\\pipe\\crashpad_18068_JXUDTTFFPRQULDCO'
    'COLORTERM' => 'truecolor'
    'COMMONPROGRAMFILES' => 'C:\\Program Files\\Common Files'
    'COMPUTERNAME' => 'AZIZ'
    'COMSPEC' => 'C:\\WINDOWS\\system32\\cmd.exe'
    'CONFIG_SITE' => 'C:/Program Files/Git/etc/config.site'
    'CommonProgramFiles(x86)' => 'C:\\Program Files (x86)\\Common Files'
    'CommonProgramW6432' => 'C:\\Program Files\\Common Files'
    'DISPLAY' => 'needs-to-be-defined'
    'DriverData' => 'C:\\Windows\\System32\\Drivers\\DriverData'
    'EXEPATH' => 'C:\\Program Files\\Git'
    'GIT_ASKPASS' => 'c:\\Program Files\\Microsoft VS Code\\resources\\app\\extensions\\git\\dist\\askpass.sh'
    'GOPATH' => 'C:\\Users\\Nur Aziz\\go'
    'HOME' => 'C:\\Users\\Nur Aziz'
    'HOMEDRIVE' => 'C:'
    'HOMEPATH' => '\\Users\\Nur Aziz'
    'HOSTNAME' => 'AZIZ'
    'INFOPATH' => 'C:\\Program Files\\Git\\usr\\local\\info;C:\\Program Files\\Git\\usr\\share\\info;C:\\Program Files\\Git\\usr\\info;C:\\Program Files\\Git\\share\\info'
    'LANG' => 'en_US.UTF-8'
    'LOCALAPPDATA' => 'C:\\Users\\Nur Aziz\\AppData\\Local'
    'LOGONSERVER' => '\\\\AZIZ'
    'MANPATH' => 'C:\\Program Files\\Git\\mingw64\\local\\man;C:\\Program Files\\Git\\mingw64\\share\\man;C:\\Program Files\\Git\\usr\\local\\man;C:\\Program Files\\Git\\usr\\share\\man;C:\\Program Files\\Git\\usr\\man;C:\\Program Files\\Git\\share\\man'
    'MINGW_CHOST' => 'x86_64-w64-mingw32'
    'MINGW_PACKAGE_PREFIX' => 'mingw-w64-x86_64'
    'MINGW_PREFIX' => 'C:/Program Files/Git/mingw64'
    'MSYSTEM' => 'MINGW64'
    'MSYSTEM_CARCH' => 'x86_64'
    'MSYSTEM_CHOST' => 'x86_64-w64-mingw32'
    'MSYSTEM_PREFIX' => 'C:/Program Files/Git/mingw64'
    'NODE_ENV_RESETKEYS' => 'tes'
    'NUMBER_OF_PROCESSORS' => '6'
    'ORIGINAL_PATH' => 'C:\\Program Files\\Git\\mingw64\\bin;C:\\Program Files\\Git\\usr\\bin;C:\\Users\\Nur Aziz\\bin;C:\\Program Files (x86)\\VMware\\VMware Workstation\\bin;C:\\Program Files\\Python39\\Scripts;C:\\Program Files\\Python39;C:\\WINDOWS\\system32;C:\\WINDOWS;C:\\WINDOWS\\System32\\Wbem;C:\\WINDOWS\\System32\\WindowsPowerShell\\v1.0;C:\\WINDOWS\\System32\\OpenSSH;C:\\Program Files\\PuTTY;C:\\Program Files\\nodejs;C:\\Program Files\\Git\\cmd;C:\\Program Files\\Go\\bin;C:\\ffmpeg\\bin;C:\\Program Files\\WireGuard;C:\\Program Files (x86)\\WinSCP;C:\\jdk-16.0.2\\bin;D:\\software\\XAMPP\\php;C:\\ProgramData\\ComposerSetup\\bin;D:\\bot\\botwa-v6\\node_modules\\.bin;C:\\mongosh\\bin;D:\\software\\XAMPP\\mysql\\bin;C:\\Program Files\\WindowsApps\\Microsoft.WindowsTerminal_1.11.3471.0_x64__8wekyb3d8bbwe;C:\\Program Files (x86)\\cloudflared\\;C:\\Program Files (x86)\\Dev-Cpp\\MinGW64\\bin;C:\\MinGW\\msys\\1.0\\bin;C:\\Program Files\\Docker\\Docker\\resources\\bin;C:\\ProgramData\\DockerDesktop\\version-bin;C:\\Users\\Nur Aziz\\AppData\\Local\\Microsoft\\WindowsApps;C:\\Program Files\\Microsoft VS Code\\bin;C:\\Users\\Nur Aziz\\AppData\\Roaming\\npm;C:\\Program Files\\heroku\\bin;C:\\Users\\Nur Aziz\\go\\bin;C:\\Users\\Nur Aziz\\AppData\\Roaming\\Composer\\vendor\\bin;C:\\Users\\Nur Aziz\\.deno\\bin'
    'ORIGINAL_TEMP' => 'C:/Users/NURAZI~1/AppData/Local/Temp'
    'ORIGINAL_TMP' => 'C:/Users/NURAZI~1/AppData/Local/Temp'
    'ORIGINAL_XDG_CURRENT_DESKTOP' => 'undefined'
    'OS' => 'Windows_NT'
    'OneDrive' => 'C:\\Users\\Nur Aziz\\OneDrive'
    'PATH' => 'C:\\Users\\Nur Aziz\\bin;C:\\Program Files\\Git\\mingw64\\bin;C:\\Program Files\\Git\\usr\\local\\bin;C:\\Program Files\\Git\\usr\\bin;C:\\Program Files\\Git\\usr\\bin;C:\\Program Files\\Git\\mingw64\\bin;C:\\Program Files\\Git\\usr\\bin;C:\\Users\\Nur Aziz\\bin;C:\\Program Files (x86)\\VMware\\VMware Workstation\\bin;C:\\Program Files\\Python39\\Scripts;C:\\Program Files\\Python39;C:\\WINDOWS\\system32;C:\\WINDOWS;C:\\WINDOWS\\System32\\Wbem;C:\\WINDOWS\\System32\\WindowsPowerShell\\v1.0;C:\\WINDOWS\\System32\\OpenSSH;C:\\Program Files\\PuTTY;C:\\Program Files\\nodejs;C:\\Program Files\\Git\\cmd;C:\\Program Files\\Go\\bin;C:\\ffmpeg\\bin;C:\\Program Files\\WireGuard;C:\\Program Files (x86)\\WinSCP;C:\\jdk-16.0.2\\bin;D:\\software\\XAMPP\\php;C:\\ProgramData\\ComposerSetup\\bin;D:\\bot\\botwa-v6\\node_modules\\.bin;C:\\mongosh\\bin;D:\\software\\XAMPP\\mysql\\bin;C:\\Program Files\\WindowsApps\\Microsoft.WindowsTerminal_1.11.3471.0_x64__8wekyb3d8bbwe;C:\\Program Files (x86)\\cloudflared\\;C:\\Program Files (x86)\\Dev-Cpp\\MinGW64\\bin;C:\\MinGW\\msys\\1.0\\bin;C:\\Program Files\\Docker\\Docker\\resources\\bin;C:\\ProgramData\\DockerDesktop\\version-bin;C:\\Users\\Nur Aziz\\AppData\\Local\\Microsoft\\WindowsApps;C:\\Program Files\\Microsoft VS Code\\bin;C:\\Users\\Nur Aziz\\AppData\\Roaming\\npm;C:\\Program Files\\heroku\\bin;C:\\Users\\Nur Aziz\\go\\bin;C:\\Users\\Nur Aziz\\AppData\\Roaming\\Composer\\vendor\\bin;C:\\Users\\Nur Aziz\\.deno\\bin;C:\\Program Files\\Git\\usr\\bin\\vendor_perl;C:\\Program Files\\Git\\usr\\bin\\core_perl'
    'PATHEXT' => '.COM;.EXE;.BAT;.CMD;.VBS;.VBE;.JS;.JSE;.WSF;.WSH;.MSC;.PY;.PYW;.CPL'
    'PKG_CONFIG_PATH' => 'C:\\Program Files\\Git\\mingw64\\lib\\pkgconfig;C:\\Program Files\\Git\\mingw64\\share\\pkgconfig'
    'PLINK_PROTOCOL' => 'ssh'
    'PROCESSOR_ARCHITECTURE' => 'AMD64'
    'PROCESSOR_IDENTIFIER' => 'AMD64 Family 23 Model 96 Stepping 1, AuthenticAMD'
    'PROCESSOR_LEVEL' => '23'
    'PROCESSOR_REVISION' => '6001'
    'PROGRAMFILES' => 'C:\\Program Files'
    'PS1' => '\\[\\033]0;$TITLEPREFIX:$PWD\\007\\]\\n\\[\\033[32m\\]\\u@\\h \\[\\033[35m\\]$MSYSTEM \\[\\033[33m\\]\\w\\[\\033[36m\\]`__git_ps1`\\[\\033[0m\\]\\n$ '
    'PSModulePath' => 'C:\\Users\\Nur Aziz\\Documents\\WindowsPowerShell\\Modules;C:\\Program Files\\WindowsPowerShell\\Modules;C:\\WINDOWS\\system32\\WindowsPowerShell\\v1.0\\Modules'
    'PT8HOME' => 'C:\\Program Files\\Cisco Packet Tracer 8.1.1'
    'PUBLIC' => 'C:\\Users\\Public'
    'PWD' => 'D:/project/web-topup/backoffice'
    'ProgramData' => 'C:\\ProgramData'
    'ProgramFiles(x86)' => 'C:\\Program Files (x86)'
    'ProgramW6432' => 'C:\\Program Files'
    'QT_DEVICE_PIXEL_RATIO' => 'auto'
    'SHELL' => 'C:\\Program Files\\Git\\usr\\bin\\bash.exe'
    'SHLVL' => '1'
    'SSH_ASKPASS' => 'C:/Program Files/Git/mingw64/bin/git-askpass.exe'
    'SYSTEMDRIVE' => 'C:'
    'SYSTEMROOT' => 'C:\\WINDOWS'
    'TEMP' => 'C:\\Users\\NURAZI~1\\AppData\\Local\\Temp'
    'TERM' => 'xterm'
    'TERM_PROGRAM' => 'mintty'
    'TERM_PROGRAM_VERSION' => '3.5.0'
    'TMP' => 'C:\\Users\\NURAZI~1\\AppData\\Local\\Temp'
    'TMPDIR' => 'C:\\Users\\NURAZI~1\\AppData\\Local\\Temp'
    'USERDOMAIN' => 'AZIZ'
    'USERDOMAIN_ROAMINGPROFILE' => 'AZIZ'
    'USERNAME' => 'Nur Aziz'
    'USERPROFILE' => 'C:\\Users\\Nur Aziz'
    'VBOX_MSI_INSTALL_PATH' => 'C:\\Program Files\\Oracle\\VirtualBox\\'
    'VSCODE_GIT_ASKPASS_EXTRA_ARGS' => '--ms-enable-electron-run-as-node'
    'VSCODE_GIT_ASKPASS_MAIN' => 'c:\\Program Files\\Microsoft VS Code\\resources\\app\\extensions\\git\\dist\\askpass-main.js'
    'VSCODE_GIT_ASKPASS_NODE' => 'C:\\Program Files\\Microsoft VS Code\\Code.exe'
    'VSCODE_GIT_IPC_HANDLE' => '\\\\.\\pipe\\vscode-git-b3c943caf6-sock'
    'WINDIR' => 'C:\\WINDOWS'
    'XAPPDATA' => 'C:\\Users\\Nur Aziz\\AppData\\Roaming'
    '_' => './yii'
    'PHP_SELF' => './yii'
    'SCRIPT_NAME' => './yii'
    'SCRIPT_FILENAME' => './yii'
    'PATH_TRANSLATED' => './yii'
    'DOCUMENT_ROOT' => ''
    'REQUEST_TIME_FLOAT' => 1655179932.2384
    'REQUEST_TIME' => 1655179932
    'argv' => [
        0 => './yii'
        1 => 'serve'
        2 => '--docroot=frontend/web'
        3 => '--port=8081'
    ]
    'argc' => 4
    'DB_HOST' => 'localhost'
    'DB_NAME' => 'webtopup'
    'DB_USER' => 'root'
    'DB_PASS' => ''
]
